2026-03-03T16:44:10.869+02:00  INFO 16669 --- [UniProject] [main] o.e.uniproject.UniProjectApplication     : Starting UniProjectApplication using Java 25.0.1 with PID 16669 (/Users/vadym/IdeaProjects/UniProject/build/classes/java/main started by vadym in /Users/vadym/IdeaProjects/UniProject)
2026-03-03T16:44:10.870+02:00  INFO 16669 --- [UniProject] [main] o.e.uniproject.UniProjectApplication     : No active profile set, falling back to 1 default profile: "default"
2026-03-03T16:44:11.129+02:00  INFO 16669 --- [UniProject] [main] .s.d.r.c.RepositoryConfigurationDelegate : Bootstrapping Spring Data JPA repositories in DEFAULT mode.
2026-03-03T16:44:11.138+02:00  INFO 16669 --- [UniProject] [main] .s.d.r.c.RepositoryConfigurationDelegate : Finished Spring Data repository scanning in 4 ms. Found 0 JPA repository interfaces.
2026-03-03T16:44:11.325+02:00  INFO 16669 --- [UniProject] [main] o.s.boot.tomcat.TomcatWebServer          : Tomcat initialized with port 8080 (http)
2026-03-03T16:44:11.332+02:00  INFO 16669 --- [UniProject] [main] o.apache.catalina.core.StandardService   : Starting service [Tomcat]
2026-03-03T16:44:11.332+02:00  INFO 16669 --- [UniProject] [main] o.apache.catalina.core.StandardEngine    : Starting Servlet engine: [Apache Tomcat/11.0.18]
2026-03-03T16:44:11.352+02:00  INFO 16669 --- [UniProject] [main] b.w.c.s.WebApplicationContextInitializer : Root WebApplicationContext: initialization completed in 463 ms
2026-03-03T16:44:11.432+02:00  INFO 16669 --- [UniProject] [main] org.hibernate.orm.jpa                    : HHH008540: Processing PersistenceUnitInfo [name: default]
2026-03-03T16:44:11.456+02:00  INFO 16669 --- [UniProject] [main] org.hibernate.orm.core                   : HHH000001: Hibernate ORM core version 7.2.4.Final
2026-03-03T16:44:11.669+02:00  INFO 16669 --- [UniProject] [main] o.s.o.j.p.SpringPersistenceUnitInfo      : No LoadTimeWeaver setup: ignoring JPA class transformer
2026-03-03T16:44:11.684+02:00  INFO 16669 --- [UniProject] [main] com.zaxxer.hikari.HikariDataSource       : HikariPool-1 - Starting...
2026-03-03T16:44:11.883+02:00  INFO 16669 --- [UniProject] [main] com.zaxxer.hikari.pool.HikariPool        : HikariPool-1 - Added connection com.mysql.cj.jdbc.ConnectionImpl@493968a9
2026-03-03T16:44:11.885+02:00  INFO 16669 --- [UniProject] [main] com.zaxxer.hikari.HikariDataSource       : HikariPool-1 - Start completed.
2026-03-03T16:44:12.176+02:00  INFO 16669 --- [UniProject] [main] org.hibernate.orm.core                   : HHH000489: No JTA platform available (set 'hibernate.transaction.jta.platform' to enable JTA platform integration)
2026-03-03T16:44:12.181+02:00  INFO 16669 --- [UniProject] [main] j.LocalContainerEntityManagerFactoryBean : Initialized JPA EntityManagerFactory for persistence unit 'default'
2026-03-03T16:44:12.214+02:00  WARN 16669 --- [UniProject] [main] JpaBaseConfiguration$JpaWebConfiguration : spring.jpa.open-in-view is enabled by default. Therefore, database queries may be performed during view rendering. Explicitly configure spring.jpa.open-in-view to disable this warning
2026-03-03T16:44:12.370+02:00  WARN 16669 --- [UniProject] [main] .s.a.UserDetailsServiceAutoConfiguration : 

Using generated security password: 7f6a532e-4fe2-4074-8846-9f0ad6d34445

This generated password is for development use only. Your security configuration must be updated before running your application in production.

2026-03-03T16:44:12.391+02:00  INFO 16669 --- [UniProject] [main] r$InitializeUserDetailsManagerConfigurer : Global AuthenticationManager configured with UserDetailsService bean with name inMemoryUserDetailsManager
2026-03-03T16:44:12.481+02:00  INFO 16669 --- [UniProject] [main] o.s.boot.tomcat.TomcatWebServer          : Tomcat started on port 8080 (http) with context path '/'
2026-03-03T16:44:12.484+02:00  INFO 16669 --- [UniProject] [main] o.e.uniproject.UniProjectApplication     : Started UniProjectApplication in 1.824 seconds (process running for 2.345)
2026-03-03T16:48:56.153+02:00  INFO 16669 --- [UniProject] [SpringApplicationShutdownHook] o.s.boot.tomcat.GracefulShutdown         : Commencing graceful shutdown. Waiting for active requests to complete
2026-03-03T16:48:56.161+02:00  INFO 16669 --- [UniProject] [tomcat-shutdown] o.s.boot.tomcat.GracefulShutdown         : Graceful shutdown complete
2026-03-03T16:48:56.165+02:00  INFO 16669 --- [UniProject] [SpringApplicationShutdownHook] j.LocalContainerEntityManagerFactoryBean : Closing JPA EntityManagerFactory for persistence unit 'default'
2026-03-03T16:48:56.168+02:00  INFO 16669 --- [UniProject] [SpringApplicationShutdownHook] com.zaxxer.hikari.HikariDataSource       : HikariPool-1 - Shutdown initiated...
2026-03-03T16:48:56.191+02:00  INFO 16669 --- [UniProject] [SpringApplicationShutdownHook] com.zaxxer.hikari.HikariDataSource       : HikariPool-1 - Shutdown completed.
